nohup: ignoring input

  .   ____          _            __ _ _
 /\\ / ___'_ __ _ _(_)_ __  __ _ \ \ \ \
( ( )\___ | '_ | '_| | '_ \/ _` | \ \ \ \
 \\/  ___)| |_)| | | | | || (_| |  ) ) ) )
  '  |____| .__|_| |_|_| |_\__, | / / / /
 =========|_|==============|___/=/_/_/_/
 :: Spring Boot ::                (v3.2.2)

2025-07-31T18:02:01.753Z  INFO 1785 --- [           main] com.example.backend.BackendApplication   : Starting BackendApplication v1.0.0 using Java 17.0.15 with PID 1785 (/home/ubuntu/My-Intern-Project/backend/target/backend-1.0.0.jar started by ubuntu in /home/ubuntu/My-Intern-Project/backend)
2025-07-31T18:02:01.762Z  INFO 1785 --- [           main] com.example.backend.BackendApplication   : No active profile set, falling back to 1 default profile: "default"
2025-07-31T18:02:03.346Z  INFO 1785 --- [           main] .s.d.r.c.RepositoryConfigurationDelegate : Bootstrapping Spring Data JPA repositories in DEFAULT mode.
2025-07-31T18:02:03.433Z  INFO 1785 --- [           main] .s.d.r.c.RepositoryConfigurationDelegate : Finished Spring Data repository scanning in 75 ms. Found 1 JPA repository interface.
2025-07-31T18:02:04.364Z  INFO 1785 --- [           main] o.s.b.w.embedded.tomcat.TomcatWebServer  : Tomcat initialized with port 8080 (http)
2025-07-31T18:02:04.385Z  INFO 1785 --- [           main] o.apache.catalina.core.StandardService   : Starting service [Tomcat]
2025-07-31T18:02:04.385Z  INFO 1785 --- [           main] o.apache.catalina.core.StandardEngine    : Starting Servlet engine: [Apache Tomcat/10.1.18]
2025-07-31T18:02:04.450Z  INFO 1785 --- [           main] o.a.c.c.C.[Tomcat].[localhost].[/]       : Initializing Spring embedded WebApplicationContext
2025-07-31T18:02:04.451Z  INFO 1785 --- [           main] w.s.c.ServletWebServerApplicationContext : Root WebApplicationContext: initialization completed in 2505 ms
2025-07-31T18:02:04.530Z  INFO 1785 --- [           main] com.zaxxer.hikari.HikariDataSource       : HikariPool-1 - Starting...
2025-07-31T18:02:04.838Z  INFO 1785 --- [           main] com.zaxxer.hikari.pool.HikariPool        : HikariPool-1 - Added connection conn0: url=jdbc:h2:mem:testdb user=SA
2025-07-31T18:02:04.840Z  INFO 1785 --- [           main] com.zaxxer.hikari.HikariDataSource       : HikariPool-1 - Start completed.
2025-07-31T18:02:04.856Z  INFO 1785 --- [           main] o.s.b.a.h2.H2ConsoleAutoConfiguration    : H2 console available at '/h2-console'. Database available at 'jdbc:h2:mem:testdb'
2025-07-31T18:02:05.092Z  INFO 1785 --- [           main] o.hibernate.jpa.internal.util.LogHelper  : HHH000204: Processing PersistenceUnitInfo [name: default]
2025-07-31T18:02:05.180Z  INFO 1785 --- [           main] org.hibernate.Version                    : HHH000412: Hibernate ORM core version 6.4.1.Final
2025-07-31T18:02:05.235Z  INFO 1785 --- [           main] o.h.c.internal.RegionFactoryInitiator    : HHH000026: Second-level cache disabled
2025-07-31T18:02:05.649Z  INFO 1785 --- [           main] o.s.o.j.p.SpringPersistenceUnitInfo      : No LoadTimeWeaver setup: ignoring JPA class transformer
2025-07-31T18:02:05.719Z  WARN 1785 --- [           main] org.hibernate.orm.deprecation            : HHH90000025: H2Dialect does not need to be specified explicitly using 'hibernate.dialect' (remove the property setting and it will be selected by default)
2025-07-31T18:02:06.862Z  INFO 1785 --- [           main] o.h.e.t.j.p.i.JtaPlatformInitiator       : HHH000489: No JTA platform available (set 'hibernate.transaction.jta.platform' to enable JTA platform integration)
Hibernate: drop table if exists orders cascade 
Hibernate: create table orders (quantity integer not null, id bigint generated by default as identity, customer_name varchar(255), product varchar(255), primary key (id))
2025-07-31T18:02:06.924Z  INFO 1785 --- [           main] j.LocalContainerEntityManagerFactoryBean : Initialized JPA EntityManagerFactory for persistence unit 'default'
2025-07-31T18:02:07.442Z  WARN 1785 --- [           main] JpaBaseConfiguration$JpaWebConfiguration : spring.jpa.open-in-view is enabled by default. Therefore, database queries may be performed during view rendering. Explicitly configure spring.jpa.open-in-view to disable this warning
2025-07-31T18:02:08.023Z  INFO 1785 --- [           main] o.s.b.w.embedded.tomcat.TomcatWebServer  : Tomcat started on port 8080 (http) with context path ''
2025-07-31T18:02:08.063Z  INFO 1785 --- [           main] com.example.backend.BackendApplication   : Started BackendApplication in 7.165 seconds (process running for 8.145)
2025-07-31T18:02:58.212Z  INFO 1785 --- [nio-8080-exec-1] o.a.c.c.C.[Tomcat].[localhost].[/]       : Initializing Spring DispatcherServlet 'dispatcherServlet'
2025-07-31T18:02:58.212Z  INFO 1785 --- [nio-8080-exec-1] o.s.web.servlet.DispatcherServlet        : Initializing Servlet 'dispatcherServlet'
2025-07-31T18:02:58.213Z  INFO 1785 --- [nio-8080-exec-1] o.s.web.servlet.DispatcherServlet        : Completed initialization in 1 ms
Hibernate: select o1_0.id,o1_0.customer_name,o1_0.product,o1_0.quantity from orders o1_0
Hibernate: select o1_0.id,o1_0.customer_name,o1_0.product,o1_0.quantity from orders o1_0
Hibernate: insert into orders (customer_name,product,quantity,id) values (?,?,?,default)
Hibernate: select o1_0.id,o1_0.customer_name,o1_0.product,o1_0.quantity from orders o1_0
